\BOOKMARK [0][-]{chapter*.2}{\376\377\000K\000i\000v\000o\000n\000a\000t}{}% 1
\BOOKMARK [0][-]{chapter*.3}{\376\377\000A\000b\000s\000t\000r\000a\000c\000t}{}% 2
\BOOKMARK [0][-]{chapter.1}{\376\377\000B\000e\000v\000e\000z\000e\000t\001\121}{}% 3
\BOOKMARK [0][-]{chapter.2}{\376\377\000M\000\351\000r\000\351\000s\000i\000\040\000e\000l\000j\000\341\000r\000\341\000s}{}% 4
\BOOKMARK [1][-]{section.2.1}{\376\377\000K\000o\000n\000t\000a\000k\000t\000\040\000p\000o\000t\000e\000n\000c\000i\000\341\000l\000\040\000k\000i\000a\000l\000a\000k\000u\000l\000\341\000s\000a}{chapter.2}% 5
\BOOKMARK [1][-]{section.2.2}{\376\377\000K\000e\000l\000v\000i\000n\000-\000s\000z\000o\000n\000d\000\341\000s\000\040\000m\000\351\000r\000\351\000s}{chapter.2}% 6
\BOOKMARK [0][-]{chapter.3}{\376\377\000K\000e\000l\000v\000i\000n\000-\000s\000z\000o\000n\000d\000\341\000s\000\040\000m\000\351\000r\001\121\000f\000e\000j\000\040\000t\000e\000r\000v\000e\000z\000\351\000s\000e}{}% 7
\BOOKMARK [1][-]{section.3.1}{\376\377\000T\000e\000r\000v\000e\000z\000\351\000s\000i\000\040\000\351\000s\000\040\000m\000\351\000r\000e\000t\000e\000z\000\351\000s\000i\000\040\000m\000\363\000d\000s\000z\000e\000r}{chapter.3}% 8
\BOOKMARK [1][-]{section.3.2}{\376\377\000E\000l\000e\000k\000t\000r\000o\000m\000\341\000g\000n\000e\000s\000e\000s\000\040\000m\000o\000d\000e\000l\000l\000e\000z\000\351\000s}{chapter.3}% 9
\BOOKMARK [2][-]{subsection.3.2.1}{\376\377\000E\000g\000y\000s\000z\000e\000r\001\161\000s\000\355\000t\000e\000t\000t\000\040\000g\000e\000o\000m\000e\000t\000r\000i\000a\000\040\000b\000e\000m\000u\000t\000a\000t\000\341\000s\000a}{section.3.2}% 10
\BOOKMARK [2][-]{subsection.3.2.2}{\376\377\000A\000\040\000k\000i\000a\000l\000a\000k\000u\000l\000\363\000\040\000e\000l\000e\000k\000t\000r\000o\000s\000z\000t\000a\000t\000i\000k\000u\000s\000\040\000t\000\351\000r\000\040\000a\000n\000a\000l\000i\000t\000i\000k\000u\000s\000\040\000m\000o\000d\000e\000l\000l\000j\000e}{section.3.2}% 11
\BOOKMARK [2][-]{subsection.3.2.3}{\376\377\000K\000o\000n\000c\000e\000n\000t\000r\000\341\000l\000t\000\040\000p\000a\000r\000a\000m\000\351\000t\000e\000r\001\161\000\040\000m\000o\000d\000e\000l\000l}{section.3.2}% 12
\BOOKMARK [2][-]{subsection.3.2.4}{\376\377\000P\000e\000r\000e\000m\000e\000l\000e\000m\000\040\000m\000\363\000d\000s\000z\000e\000r}{section.3.2}% 13
\BOOKMARK [2][-]{subsection.3.2.5}{\376\377\000E\000l\000e\000k\000t\000r\000o\000s\000z\000t\000a\000t\000i\000k\000u\000s\000\040\000f\000\363\000k\000u\000s\000z\000\341\000l\000\341\000s}{section.3.2}% 14
\BOOKMARK [2][-]{subsection.3.2.6}{\376\377\000K\000a\000p\000a\000c\000i\000t\000\341\000s\000\040\000k\000a\000r\000a\000k\000t\000e\000r\000i\000s\000z\000t\000i\000k\000\341\000k}{section.3.2}% 15
\BOOKMARK [2][-]{subsection.3.2.7}{\376\377\000F\000e\000l\000\374\000l\000e\000t\000i\000\040\000\351\000r\000z\000\351\000k\000e\000n\000y\000s\000\351\000g}{section.3.2}% 16
\BOOKMARK [2][-]{subsection.3.2.8}{\376\377\000F\000e\000l\000\374\000l\000e\000t\000i\000\040\000\351\000r\000z\000\351\000k\000e\000n\000y\000s\000\351\000g\000\040\000s\000z\000i\000m\000u\000l\000\341\000c\000i\000\363\000j\000a}{section.3.2}% 17
\BOOKMARK [2][-]{subsection.3.2.9}{\376\377\000E\000l\000e\000k\000t\000r\000o\000m\000o\000s\000\040\000h\000e\000l\000y\000e\000t\000t\000e\000s\000\355\000t\001\121\000k\000\351\000p}{section.3.2}% 18
\BOOKMARK [2][-]{subsection.3.2.10}{\376\377\000K\000i\000m\000e\000n\000e\000t\000i\000\040\000j\000e\000l\000\040\000\341\000l\000l\000a\000n\000d\000\363\000s\000u\000l\000t\000\040\000\341\000l\000l\000a\000p\000o\000t\000a}{section.3.2}% 19
\BOOKMARK [2][-]{subsection.3.2.11}{\376\377\000T\000e\000r\000m\000i\000k\000u\000s\000\040\000z\000a\000j}{section.3.2}% 20
\BOOKMARK [2][-]{subsection.3.2.12}{\376\377\000T\000e\000r\000m\000i\000k\000u\000s\000\040\000z\000a\000j\000\040\000s\000z\000i\000m\000u\000l\000\341\000c\000i\000\363\000j\000a}{section.3.2}% 21
\BOOKMARK [1][-]{section.3.3}{\376\377\000T\000e\000r\000m\000o\000m\000e\000c\000h\000a\000n\000i\000k\000u\000s\000\040\000m\000o\000d\000e\000l\000l\000e\000z\000\351\000s}{chapter.3}% 22
\BOOKMARK [2][-]{subsection.3.3.1}{\376\377\000T\000e\000r\000m\000i\000k\000u\000s\000\040\000g\000e\000r\000j\000e\000s\000z\000t\000\351\000s\000\040\000v\000i\000z\000s\000g\000\341\000l\000a\000t\000a}{section.3.3}% 23
\BOOKMARK [2][-]{subsection.3.3.2}{\376\377\000A\000d\000v\000e\000k\000t\000\355\000v\000\040\000t\000a\000g}{section.3.3}% 24
\BOOKMARK [2][-]{subsection.3.3.3}{\376\377\000T\000e\000r\000m\000i\000k\000u\000s\000\040\000g\000e\000r\000j\000e\000s\000z\000t\000\351\000s}{section.3.3}% 25
\BOOKMARK [2][-]{subsection.3.3.4}{\376\377\000H\001\121\000t\000\341\000g\000u\000l\000\341\000s}{section.3.3}% 26
\BOOKMARK [2][-]{subsection.3.3.5}{\376\377\000S\000z\000i\000n\000u\000s\000z\000o\000s\000\040\000\341\000l\000l\000a\000n\000d\000\363\000s\000u\000l\000t\000\040\000\341\000l\000l\000a\000p\000o\000t\000\040\000v\000i\000z\000s\000g\000\341\000l\000a\000t\000a}{section.3.3}% 27
\BOOKMARK [2][-]{subsection.3.3.6}{\376\377\000M\000e\000c\000h\000a\000n\000i\000k\000a\000i\000\040\000r\000e\000z\000o\000n\000a\000n\000c\000i\000a}{section.3.3}% 28
\BOOKMARK [2][-]{subsection.3.3.7}{\376\377\000M\000e\000c\000h\000a\000n\000i\000k\000a\000i\000\040\000e\000l\000m\000o\000z\000d\000u\000l\000\341\000s\000\040\000m\000\351\000r\000\351\000s\000e}{section.3.3}% 29
\BOOKMARK [2][-]{subsection.3.3.8}{\376\377\0001\000D\000\040\000H\001\121\000m\000\351\000r\000s\000\351\000k\000l\000e\000t\000-\000e\000l\000o\000s\000z\000l\000\341\000s\000\040\000s\000z\000\341\000m\000\355\000t\000\341\000s\000a}{section.3.3}% 30
\BOOKMARK [2][-]{subsection.3.3.9}{\376\377\000T\000e\000r\000m\000o\000e\000l\000a\000s\000z\000t\000i\000k\000u\000s\000\040\000c\000s\000i\000l\000l\000a\000p\000\355\000t\000\341\000s}{section.3.3}% 31
\BOOKMARK [2][-]{subsection.3.3.10}{\376\377\000H\000e\000t\000e\000r\000o\000g\000\351\000n\000\040\000r\000\351\000t\000e\000g\000s\000z\000e\000r\000k\000e\000z\000e\000t}{section.3.3}% 32
\BOOKMARK [0][-]{chapter.4}{\376\377\000N\000u\000m\000e\000r\000i\000k\000u\000s\000\040\000m\000o\000d\000e\000l\000l\000e\000z\000\351\000s}{}% 33
\BOOKMARK [1][-]{section.4.1}{\376\377\000C\000O\000M\000S\000O\000L\000\040\000M\000u\000l\000t\000i\000p\000h\000y\000s\000i\000c\000s}{chapter.4}% 34
\BOOKMARK [2][-]{subsection.4.1.1}{\376\377\000L\000i\000v\000e\000L\000i\000n\000k}{section.4.1}% 35
\BOOKMARK [1][-]{section.4.2}{\376\377\000E\000l\000e\000k\000t\000r\000o\000s\000z\000t\000a\000t\000i\000k\000u\000s\000\040\000s\000z\000i\000m\000u\000l\000\341\000c\000i\000\363\000k}{chapter.4}% 36
\BOOKMARK [2][-]{subsection.4.2.1}{\376\377\000G\000e\000o\000m\000e\000t\000r\000i\000a}{section.4.2}% 37
\BOOKMARK [2][-]{subsection.4.2.2}{\376\377\000D\000i\000s\000z\000k\000r\000e\000t\000i\000z\000\341\000c\000i\000\363}{section.4.2}% 38
\BOOKMARK [2][-]{subsection.4.2.3}{\376\377\000F\000i\000z\000i\000k\000a\000\040\000h\000o\000z\000z\000\341\000a\000d\000\341\000s\000a}{section.4.2}% 39
\BOOKMARK [2][-]{subsection.4.2.4}{\376\377\000A\000\040\000p\000r\000o\000b\000l\000\351\000m\000a\000\040\000m\000e\000g\000o\000l\000d\000\341\000s\000\341\000h\000o\000z\000\040\000h\000a\000s\000z\000n\000\341\000l\000t\000\040\000m\000e\000g\000o\000l\000d\000\363\000\040\000m\000o\000t\000o\000r\000\040\000b\000e\000\341\000l\000l\000\355\000t\000\341\000s\000a}{section.4.2}% 40
\BOOKMARK [2][-]{subsection.4.2.5}{\376\377\000U\000t\000\363\000f\000e\000l\000d\000o\000l\000g\000o\000z\000\341\000s}{section.4.2}% 41
\BOOKMARK [2][-]{subsection.4.2.6}{\376\377\000A\000n\000a\000l\000\363\000g\000\040\000m\000\351\000r\000\351\000s\000t\000e\000c\000h\000n\000i\000k\000a}{section.4.2}% 42
\BOOKMARK [1][-]{section.4.3}{\376\377\000T\000e\000r\000m\000o\000m\000e\000c\000h\000a\000n\000i\000k\000u\000s\000\040\000s\000z\000i\000m\000u\000l\000\341\000c\000i\000\363\000k}{chapter.4}% 43
\BOOKMARK [2][-]{subsection.4.3.1}{\376\377\000G\000e\000o\000m\000e\000t\000r\000i\000a\000\040\000b\000e\000m\000u\000t\000a\000t\000\341\000s\000a}{section.4.3}% 44
\BOOKMARK [2][-]{subsection.4.3.2}{\376\377\000D\000i\000s\000z\000k\000r\000e\000t\000i\000z\000\341\000c\000i\000\363}{section.4.3}% 45
\BOOKMARK [2][-]{subsection.4.3.3}{\376\377\000F\000i\000z\000i\000k\000a\000\040\000h\000o\000z\000z\000\341\000a\000d\000\341\000s\000a}{section.4.3}% 46
\BOOKMARK [2][-]{subsection.4.3.4}{\376\377\000A\000\040\000p\000r\000o\000b\000l\000\351\000m\000a\000\040\000m\000e\000g\000o\000l\000d\000\341\000s\000\341\000h\000o\000z\000\040\000h\000a\000s\000z\000n\000\341\000l\000t\000\040\000m\000e\000g\000o\000l\000d\000\363\000\040\000m\000o\000t\000o\000r\000\040\000b\000e\000\341\000l\000l\000\355\000t\000\341\000s\000a}{section.4.3}% 47
\BOOKMARK [2][-]{subsection.4.3.5}{\376\377\000U\000t\000\363\000f\000e\000l\000d\000o\000l\000g\000o\000z\000\341\000s}{section.4.3}% 48
\BOOKMARK [2][-]{subsection.4.3.6}{\376\377\000M\000\351\000r\001\121\000f\000e\000j\000v\000\341\000l\000t\000o\000z\000a\000t\000o\000k\000\040\000\366\000s\000s\000z\000e\000h\000a\000s\000o\000n\000l\000\355\000t\000\341\000s\000a}{section.4.3}% 49
\BOOKMARK [0][-]{chapter.5}{\376\377\000G\000y\000\341\000r\000t\000\341\000s\000t\000e\000c\000h\000n\000o\000l\000\363\000g\000i\000a\000\040\000k\000o\000n\000c\000e\000p\000c\000i\000\363}{}% 50
\BOOKMARK [0][-]{chapter.6}{\376\377\000\326\000s\000s\000z\000e\000f\000o\000g\000l\000a\000l\000\341\000s}{}% 51
\BOOKMARK [0][-]{chapter*.57}{\376\377\000K\000\366\000s\000z\000\366\000n\000e\000t\000n\000y\000\355\000l\000v\000\341\000n\000\355\000t\000\341\000s}{}% 52
\BOOKMARK [0][-]{appendix*.58}{\376\377\000F\000\374\000g\000g\000e\000l\000\351\000k}{}% 53
\BOOKMARK [0][-]{appendix*.59}{\376\377\000\301\000b\000r\000\341\000k\000\040\000j\000e\000g\000y\000z\000\351\000k\000e}{}% 54
\BOOKMARK [0][-]{appendix*.60}{\376\377\000T\000\341\000b\000l\000\341\000z\000a\000t\000o\000k\000\040\000j\000e\000g\000y\000z\000\351\000k\000e}{}% 55
